============================= test session starts ==============================
platform darwin -- Python 3.13.5, pytest-8.3.4, pluggy-1.5.0 -- /opt/anaconda3/bin/python3
cachedir: .pytest_cache
rootdir: /Users/alex/Documents/COMP47360-Research_Practicum/Group6_Summer-Project
configfile: pyproject.toml
plugins: anyio-4.7.0
collecting ... collected 12 items

tests/test_dqr_modules.py::TestD27Integrity::test_pass_all_districts_present PASSED [  8%]
tests/test_dqr_modules.py::TestD27Integrity::test_fail_null_districts PASSED [ 16%]
tests/test_dqr_modules.py::TestD27Integrity::test_diagnoses_zero_gps_cause PASSED [ 25%]
tests/test_dqr_modules.py::TestD27Integrity::test_empty_df PASSED        [ 33%]
tests/test_dqr_modules.py::TestD27Integrity::test_missing_district_column PASSED [ 41%]
tests/test_dqr_modules.py::TestGPSGrid::test_28m_apart_at_40_88 PASSED   [ 50%]
tests/test_dqr_modules.py::TestGPSGrid::test_no_false_positive_at_100m PASSED [ 58%]
tests/test_dqr_modules.py::TestExportOverwrite::test_empty_deletes_stale_file PASSED [ 66%]
tests/test_dqr_modules.py::TestExportOverwrite::test_nonempty_writes_file PASSED [ 75%]
tests/test_dqr_modules.py::TestImportPath::test_import_from_any_cwd PASSED [ 83%]
tests/test_dqr_modules.py::TestCleanVenues::test_input_not_mutated PASSED [ 91%]
tests/test_dqr_modules.py::TestCleanVenues::test_returns_new_dataframe PASSED [100%]

============================== 12 passed in 0.42s ==============================
